<?xml version="1.0" encoding="UTF-8"?>
<!-- Generated by org.testng.reporters.JUnitReportReporter -->
<testsuite hostname="VipsPC" failures="0" tests="1" name="testapi.PostMethodOfRestAssured" time="2.483" errors="0" timestamp="2024-11-27T13:41:26 IST" skipped="0">
  <testcase classname="testapi.PostMethodOfRestAssured" name="testPOSTAPI" time="2.483"/>
</testsuite> <!-- testapi.PostMethodOfRestAssured -->
