<?xml version="1.0" encoding="UTF-8"?>
<!-- Generated by org.testng.reporters.JUnitReportReporter -->
<testsuite hostname="VipsPC" failures="0" tests="1" name="testapi.PutMethodOfRestAssured" time="1.432" errors="0" timestamp="2024-11-21T13:41:55 IST" skipped="0">
  <testcase classname="testapi.PutMethodOfRestAssured" name="testPUTAPI" time="1.432"/>
</testsuite> <!-- testapi.PutMethodOfRestAssured -->
