<?xml version="1.0" encoding="UTF-8"?>
<!-- Generated by org.testng.reporters.JUnitReportReporter -->
<testsuite hostname="VipsPC" failures="0" tests="1" name="testapi.Second_PostMethodOfRestAssured" time="3.203" errors="0" timestamp="2024-12-02T12:15:44 IST" skipped="0">
  <testcase classname="testapi.Second_PostMethodOfRestAssured" name="testPOSTAPI" time="3.203"/>
</testsuite> <!-- testapi.Second_PostMethodOfRestAssured -->
