<?xml version="1.0" encoding="UTF-8"?>
<!-- Generated by org.testng.reporters.JUnitReportReporter -->
<testsuite hostname="VipsPC" failures="0" tests="1" name="testapi.PostMethodOfRestAssured" time="2.055" errors="0" timestamp="2024-11-21T13:29:53 IST" skipped="0">
  <testcase classname="testapi.PostMethodOfRestAssured" name="testPOSTAPI" time="2.055"/>
</testsuite> <!-- testapi.PostMethodOfRestAssured -->
