<?xml version="1.0" encoding="UTF-8"?>
<!-- Generated by org.testng.reporters.JUnitReportReporter -->
<testsuite hostname="VipsPC" failures="0" tests="2" name="testapi.GetMethodOfRestAssured" time="3.237" errors="0" timestamp="2024-11-21T20:47:00 IST" skipped="0">
  <testcase classname="testapi.GetMethodOfRestAssured" name="testGetAPI2" time="0.360"/>
  <testcase classname="testapi.GetMethodOfRestAssured" name="testGetAPI1" time="2.877"/>
</testsuite> <!-- testapi.GetMethodOfRestAssured -->
