<?xml version="1.0" encoding="UTF-8"?>
<!-- Generated by org.testng.reporters.JUnitReportReporter -->
<testsuite hostname="VipsPC" failures="0" tests="1" name="testapi.DeleteMethodOfRestAssured" time="1.408" errors="0" timestamp="2024-11-21T13:48:46 IST" skipped="0">
  <testcase classname="testapi.DeleteMethodOfRestAssured" name="testDelete_API" time="1.408"/>
</testsuite> <!-- testapi.DeleteMethodOfRestAssured -->
