<?xml version="1.0" encoding="UTF-8"?>
<!-- Generated by org.testng.reporters.JUnitReportReporter -->
<testsuite hostname="VipsPC" failures="0" tests="1" name="testapi.Three_GetMethodOfRestAssured" time="1.804" errors="0" timestamp="2024-11-22T17:59:12 IST" skipped="0">
  <testcase classname="testapi.Three_GetMethodOfRestAssured" name="testGetAPI" time="1.804"/>
</testsuite> <!-- testapi.Three_GetMethodOfRestAssured -->
