<?xml version="1.0" encoding="UTF-8"?>
<!-- Generated by org.testng.reporters.JUnitReportReporter -->
<testsuite hostname="VipsPC" failures="0" tests="1" name="testapi.PatchMethodOfRestAssured" time="1.667" errors="0" timestamp="2024-11-21T13:44:35 IST" skipped="0">
  <testcase classname="testapi.PatchMethodOfRestAssured" name="testPATCH_API" time="1.667"/>
</testsuite> <!-- testapi.PatchMethodOfRestAssured -->
