<?xml version="1.0" encoding="UTF-8"?>
<!-- Generated by org.testng.reporters.JUnitReportReporter -->
<testsuite hostname="VipsPC" failures="0" tests="2" name="testapi.GetMethodOfRestAssured" time="2.004" errors="0" timestamp="2024-11-19T18:32:46 IST" skipped="0">
  <testcase classname="testapi.GetMethodOfRestAssured" name="testGetAPI2" time="0.562"/>
  <testcase classname="testapi.GetMethodOfRestAssured" name="testGetAPI1" time="1.442"/>
</testsuite> <!-- testapi.GetMethodOfRestAssured -->
